\BOOKMARK [1][-]{section.1}{Introduction}{}% 1
\BOOKMARK [1][-]{section.2}{Preliminaries}{}% 2
\BOOKMARK [2][-]{subsection.2.1}{Frame of References}{section.2}% 3
\BOOKMARK [2][-]{subsection.2.2}{Quadcopter Dynamics}{section.2}% 4
\BOOKMARK [2][-]{subsection.2.3}{Quadcopter Dynamics as Double Integrators}{section.2}% 5
\BOOKMARK [2][-]{subsection.2.4}{Preliminaries of Distributed Control}{section.2}% 6
\BOOKMARK [2][-]{subsection.2.5}{Preliminaries of Bearing based Formation Control}{section.2}% 7
\BOOKMARK [2][-]{subsection.2.6}{Preliminaries of Human-in-the-loop Control}{section.2}% 8
\BOOKMARK [1][-]{section.3}{MASCOT: Structure and Features}{}% 9
\BOOKMARK [2][-]{subsection.3.1}{Tools Used}{section.3}% 10
\BOOKMARK [3][-]{subsubsection.3.1.1}{Robot Operating System \(ROS\)}{subsection.3.1}% 11
\BOOKMARK [3][-]{subsubsection.3.1.2}{Gazebo}{subsection.3.1}% 12
\BOOKMARK [3][-]{subsubsection.3.1.3}{Falcon Haptic Controller}{subsection.3.1}% 13
\BOOKMARK [3][-]{subsubsection.3.1.4}{Crazyflie Quadcopter}{subsection.3.1}% 14
\BOOKMARK [3][-]{subsubsection.3.1.5}{Optitrack Localization System}{subsection.3.1}% 15
\BOOKMARK [3][-]{subsubsection.3.1.6}{Quadcopter Simulation Package}{subsection.3.1}% 16
\BOOKMARK [2][-]{subsection.3.2}{Control Block}{section.3}% 17
\BOOKMARK [3][-]{subsubsection.3.2.1}{Heading Control}{subsection.3.2}% 18
\BOOKMARK [3][-]{subsubsection.3.2.2}{Position Control}{subsection.3.2}% 19
\BOOKMARK [2][-]{subsection.3.3}{Architecture and Features of MASCOT}{section.3}% 20
\BOOKMARK [2][-]{subsection.3.4}{Configuring the Simulation}{section.3}% 21
\BOOKMARK [2][-]{subsection.3.5}{Configuring the Hybrid - Simulation}{section.3}% 22
\BOOKMARK [1][-]{section.4}{Examples}{}% 23
\BOOKMARK [2][-]{subsection.4.1}{Simulation with HITL}{section.4}% 24
\BOOKMARK [3][-]{subsubsection.4.1.1}{Waypoint Navigation}{subsection.4.1}% 25
\BOOKMARK [3][-]{subsubsection.4.1.2}{Consensus Algorithms}{subsection.4.1}% 26
\BOOKMARK [3][-]{subsubsection.4.1.3}{Min-max time Consensus Control}{subsection.4.1}% 27
\BOOKMARK [3][-]{subsubsection.4.1.4}{Formation Control}{subsection.4.1}% 28
\BOOKMARK [2][-]{subsection.4.2}{Hybrid Simulation with HITL}{section.4}% 29
\BOOKMARK [3][-]{subsubsection.4.2.1}{Waypoint Navigation}{subsection.4.2}% 30
\BOOKMARK [3][-]{subsubsection.4.2.2}{Consensus Algorithms}{subsection.4.2}% 31
\BOOKMARK [3][-]{subsubsection.4.2.3}{Min-max time Consensus Control}{subsection.4.2}% 32
\BOOKMARK [3][-]{subsubsection.4.2.4}{Formation Control}{subsection.4.2}% 33
\BOOKMARK [1][-]{section.5}{Conclusion and Future Work}{}% 34
\BOOKMARK [1][-]{section*.1}{References}{}% 35
